0 info it worked if it ends with ok
1 verbose cli [ 'node', '/usr/local/bin/npm', 'publish' ]
2 info using npm@1.3.25
3 info using node@v0.10.25
4 verbose publish [ '.' ]
5 verbose cache add [ '.', null ]
6 verbose cache add name=undefined spec="." args=[".",null]
7 verbose parsed url { protocol: null,
7 verbose parsed url   slashes: null,
7 verbose parsed url   auth: null,
7 verbose parsed url   host: null,
7 verbose parsed url   port: null,
7 verbose parsed url   hostname: null,
7 verbose parsed url   hash: null,
7 verbose parsed url   search: null,
7 verbose parsed url   query: null,
7 verbose parsed url   pathname: '.',
7 verbose parsed url   path: '.',
7 verbose parsed url   href: '.' }
8 silly lockFile 3a52ce78- .
9 verbose lock . /Users/philippe/.npm/3a52ce78-.lock
10 verbose tar pack [ '/var/folders/l6/xsnxjb5x0zxg85v4wkg2zmjm0000gn/T/npm-32720-Ojw4DGwL/1398806133410-0.9439903360325843/tmp.tgz',
10 verbose tar pack   '.' ]
11 verbose tarball /var/folders/l6/xsnxjb5x0zxg85v4wkg2zmjm0000gn/T/npm-32720-Ojw4DGwL/1398806133410-0.9439903360325843/tmp.tgz
12 verbose folder .
13 info prepublish mooncalc@1.0.0
14 silly lockFile 1f1177db-tar tar://.
15 verbose lock tar://. /Users/philippe/.npm/1f1177db-tar.lock
16 silly lockFile 6fe1bdbe-33410-0-9439903360325843-tmp-tgz tar:///var/folders/l6/xsnxjb5x0zxg85v4wkg2zmjm0000gn/T/npm-32720-Ojw4DGwL/1398806133410-0.9439903360325843/tmp.tgz
17 verbose lock tar:///var/folders/l6/xsnxjb5x0zxg85v4wkg2zmjm0000gn/T/npm-32720-Ojw4DGwL/1398806133410-0.9439903360325843/tmp.tgz /Users/philippe/.npm/6fe1bdbe-33410-0-9439903360325843-tmp-tgz.lock
18 silly lockFile 1f1177db-tar tar://.
19 silly lockFile 1f1177db-tar tar://.
20 silly lockFile 6fe1bdbe-33410-0-9439903360325843-tmp-tgz tar:///var/folders/l6/xsnxjb5x0zxg85v4wkg2zmjm0000gn/T/npm-32720-Ojw4DGwL/1398806133410-0.9439903360325843/tmp.tgz
21 silly lockFile 6fe1bdbe-33410-0-9439903360325843-tmp-tgz tar:///var/folders/l6/xsnxjb5x0zxg85v4wkg2zmjm0000gn/T/npm-32720-Ojw4DGwL/1398806133410-0.9439903360325843/tmp.tgz
22 verbose tar unpack /var/folders/l6/xsnxjb5x0zxg85v4wkg2zmjm0000gn/T/npm-32720-Ojw4DGwL/1398806133410-0.9439903360325843/tmp.tgz
23 silly lockFile 04438d10-33410-0-9439903360325843-package tar:///var/folders/l6/xsnxjb5x0zxg85v4wkg2zmjm0000gn/T/npm-32720-Ojw4DGwL/1398806133410-0.9439903360325843/package
24 verbose lock tar:///var/folders/l6/xsnxjb5x0zxg85v4wkg2zmjm0000gn/T/npm-32720-Ojw4DGwL/1398806133410-0.9439903360325843/package /Users/philippe/.npm/04438d10-33410-0-9439903360325843-package.lock
25 silly lockFile 6fe1bdbe-33410-0-9439903360325843-tmp-tgz tar:///var/folders/l6/xsnxjb5x0zxg85v4wkg2zmjm0000gn/T/npm-32720-Ojw4DGwL/1398806133410-0.9439903360325843/tmp.tgz
26 verbose lock tar:///var/folders/l6/xsnxjb5x0zxg85v4wkg2zmjm0000gn/T/npm-32720-Ojw4DGwL/1398806133410-0.9439903360325843/tmp.tgz /Users/philippe/.npm/6fe1bdbe-33410-0-9439903360325843-tmp-tgz.lock
27 silly gunzTarPerm modes [ '755', '644' ]
28 silly gunzTarPerm extractEntry package.json
29 silly gunzTarPerm extractEntry README.md
30 silly gunzTarPerm extractEntry LICENSE
31 silly gunzTarPerm extractEntry mooncalc.js
32 silly gunzTarPerm extractEntry test.js
33 silly lockFile 04438d10-33410-0-9439903360325843-package tar:///var/folders/l6/xsnxjb5x0zxg85v4wkg2zmjm0000gn/T/npm-32720-Ojw4DGwL/1398806133410-0.9439903360325843/package
34 silly lockFile 04438d10-33410-0-9439903360325843-package tar:///var/folders/l6/xsnxjb5x0zxg85v4wkg2zmjm0000gn/T/npm-32720-Ojw4DGwL/1398806133410-0.9439903360325843/package
35 silly lockFile 6fe1bdbe-33410-0-9439903360325843-tmp-tgz tar:///var/folders/l6/xsnxjb5x0zxg85v4wkg2zmjm0000gn/T/npm-32720-Ojw4DGwL/1398806133410-0.9439903360325843/tmp.tgz
36 silly lockFile 6fe1bdbe-33410-0-9439903360325843-tmp-tgz tar:///var/folders/l6/xsnxjb5x0zxg85v4wkg2zmjm0000gn/T/npm-32720-Ojw4DGwL/1398806133410-0.9439903360325843/tmp.tgz
37 verbose tar pack [ '/Users/philippe/.npm/mooncalc/1.0.0/package.tgz',
37 verbose tar pack   '/var/folders/l6/xsnxjb5x0zxg85v4wkg2zmjm0000gn/T/npm-32720-Ojw4DGwL/1398806133410-0.9439903360325843/package' ]
38 verbose tarball /Users/philippe/.npm/mooncalc/1.0.0/package.tgz
39 verbose folder /var/folders/l6/xsnxjb5x0zxg85v4wkg2zmjm0000gn/T/npm-32720-Ojw4DGwL/1398806133410-0.9439903360325843/package
40 silly lockFile 04438d10-33410-0-9439903360325843-package tar:///var/folders/l6/xsnxjb5x0zxg85v4wkg2zmjm0000gn/T/npm-32720-Ojw4DGwL/1398806133410-0.9439903360325843/package
41 verbose lock tar:///var/folders/l6/xsnxjb5x0zxg85v4wkg2zmjm0000gn/T/npm-32720-Ojw4DGwL/1398806133410-0.9439903360325843/package /Users/philippe/.npm/04438d10-33410-0-9439903360325843-package.lock
42 silly lockFile f761d26e-e-npm-mooncalc-1-0-0-package-tgz tar:///Users/philippe/.npm/mooncalc/1.0.0/package.tgz
43 verbose lock tar:///Users/philippe/.npm/mooncalc/1.0.0/package.tgz /Users/philippe/.npm/f761d26e-e-npm-mooncalc-1-0-0-package-tgz.lock
44 silly lockFile 04438d10-33410-0-9439903360325843-package tar:///var/folders/l6/xsnxjb5x0zxg85v4wkg2zmjm0000gn/T/npm-32720-Ojw4DGwL/1398806133410-0.9439903360325843/package
45 silly lockFile 04438d10-33410-0-9439903360325843-package tar:///var/folders/l6/xsnxjb5x0zxg85v4wkg2zmjm0000gn/T/npm-32720-Ojw4DGwL/1398806133410-0.9439903360325843/package
46 silly lockFile f761d26e-e-npm-mooncalc-1-0-0-package-tgz tar:///Users/philippe/.npm/mooncalc/1.0.0/package.tgz
47 silly lockFile f761d26e-e-npm-mooncalc-1-0-0-package-tgz tar:///Users/philippe/.npm/mooncalc/1.0.0/package.tgz
48 silly lockFile 2ea34c57-lippe-npm-mooncalc-1-0-0-package /Users/philippe/.npm/mooncalc/1.0.0/package
49 verbose lock /Users/philippe/.npm/mooncalc/1.0.0/package /Users/philippe/.npm/2ea34c57-lippe-npm-mooncalc-1-0-0-package.lock
50 silly lockFile 2ea34c57-lippe-npm-mooncalc-1-0-0-package /Users/philippe/.npm/mooncalc/1.0.0/package
51 silly lockFile 2ea34c57-lippe-npm-mooncalc-1-0-0-package /Users/philippe/.npm/mooncalc/1.0.0/package
52 verbose tar unpack /Users/philippe/.npm/mooncalc/1.0.0/package.tgz
53 silly lockFile 27865fb1-lippe-npm-mooncalc-1-0-0-package tar:///Users/philippe/.npm/mooncalc/1.0.0/package
54 verbose lock tar:///Users/philippe/.npm/mooncalc/1.0.0/package /Users/philippe/.npm/27865fb1-lippe-npm-mooncalc-1-0-0-package.lock
55 silly lockFile f761d26e-e-npm-mooncalc-1-0-0-package-tgz tar:///Users/philippe/.npm/mooncalc/1.0.0/package.tgz
56 verbose lock tar:///Users/philippe/.npm/mooncalc/1.0.0/package.tgz /Users/philippe/.npm/f761d26e-e-npm-mooncalc-1-0-0-package-tgz.lock
57 silly gunzTarPerm modes [ '755', '644' ]
58 silly gunzTarPerm extractEntry package.json
59 silly gunzTarPerm extractEntry README.md
60 silly gunzTarPerm extractEntry LICENSE
61 silly gunzTarPerm extractEntry mooncalc.js
62 silly gunzTarPerm extractEntry test.js
63 silly lockFile 27865fb1-lippe-npm-mooncalc-1-0-0-package tar:///Users/philippe/.npm/mooncalc/1.0.0/package
64 silly lockFile 27865fb1-lippe-npm-mooncalc-1-0-0-package tar:///Users/philippe/.npm/mooncalc/1.0.0/package
65 silly lockFile f761d26e-e-npm-mooncalc-1-0-0-package-tgz tar:///Users/philippe/.npm/mooncalc/1.0.0/package.tgz
66 silly lockFile f761d26e-e-npm-mooncalc-1-0-0-package-tgz tar:///Users/philippe/.npm/mooncalc/1.0.0/package.tgz
67 verbose chmod /Users/philippe/.npm/mooncalc/1.0.0/package.tgz 644
68 verbose chown /Users/philippe/.npm/mooncalc/1.0.0/package.tgz [ 501, 20 ]
69 silly lockFile 3a52ce78- .
70 silly lockFile 3a52ce78- .
71 silly publish { name: 'mooncalc',
71 silly publish   version: '1.0.0',
71 silly publish   author: { name: 'Philippe Gibert' },
71 silly publish   description: 'A tiny JavaScript library for calculating moon position, phases and zodiac sign',
71 silly publish   homepage: 'https://github.com/giboow/mooncalc',
71 silly publish   keywords: [ 'moon', 'calendar', 'calculate' ],
71 silly publish   devDependencies: { tape: '^2.12.3', jshint: '^2.5.0', faucet: '0.0.1' },
71 silly publish   dependencies: { 'object-merge': '^2.5.1' },
71 silly publish   scripts:
71 silly publish    { test: 'jshint mooncalc.js test.js && node test.js | faucet',
71 silly publish      cov: 'istanbul cover test.js -x test.js' },
71 silly publish   jshintConfig: { quotmark: 'single', trailing: true, unused: true },
71 silly publish   readme: 'ERROR: No README data found!',
71 silly publish   _id: 'mooncalc@1.0.0',
71 silly publish   dist: { shasum: '884ffb186de52664a35e2059da96722b616d3614' },
71 silly publish   _from: '.' }
72 error Error: forbidden cannot modify pre-existing version: 1.0.0
72 error old={"name":"mooncalc","version":"1.0.0","author":{"name":"Philippe Gibert"},"description":"A tiny JavaScript library for calculating moon position, phases and zodiac sign","homepage":"https://github.com/giboow/mooncalc","keywords":["moon","calendar","calculate"],"devDependencies":{"tape":"^2.12.3","jshint":"^2.5.0","faucet":"0.0.1"},"dependencies":{"object-merge":"^2.5.1"},"scripts":{"test":"jshint mooncalc.js test.js && node test.js | faucet","cov":"istanbul cover test.js -x test.js"},"jshintConfig":{"quotmark":"single","trailing":true,"unused":true},"_id":"mooncalc@1.0.0","dist":{"shasum":"24d2b946d5240b6d0865470bc8db320a2a279218","tarball":"http://registry.npmjs.org/mooncalc/-/mooncalc-1.0.0.tgz"},"_from":".","_npmVersion":"1.3.25","_npmUser":{"name":"giboow","email":"philippe.gibert@gmail.com"},"maintainers":[{"name":"giboow","email":"philippe.gibert@gmail.com"}]}
72 error new={"name":"mooncalc","version":"1.0.0","author":{"name":"Philippe Gibert"},"description":"A tiny JavaScript library for calculating moon position, phases and zodiac sign","homepage":"https://github.com/giboow/mooncalc","keywords":["moon","calendar","calculate"],"devDependencies":{"tape":"^2.12.3","jshint":"^2.5.0","faucet":"0.0.1"},"dependencies":{"object-merge":"^2.5.1"},"scripts":{"test":"jshint mooncalc.js test.js && node test.js | faucet","cov":"istanbul cover test.js -x test.js"},"jshintConfig":{"quotmark":"single","trailing":true,"unused":true},"readme":"ERROR: No README data found!","_id":"mooncalc@1.0.0","dist":{"shasum":"884ffb186de52664a35e2059da96722b616d3614","tarball":"http://registry.npmjs.org/mooncalc/-/mooncalc-1.0.0.tgz"},"_from":".","_npmVersion":"1.3.25","_npmUser":{"name":"giboow","email":"philippe.gibert@gmail.com"},"maintainers":[{"name":"giboow","email":"philippe.gibert@gmail.com"}]}: mooncalc
72 error     at RegClient.<anonymous> (/usr/local/lib/node_modules/npm/node_modules/npm-registry-client/lib/request.js:276:14)
72 error     at Request.self.callback (/usr/local/lib/node_modules/npm/node_modules/npm-registry-client/node_modules/request/request.js:122:22)
72 error     at Request.EventEmitter.emit (events.js:98:17)
72 error     at Request.<anonymous> (/usr/local/lib/node_modules/npm/node_modules/npm-registry-client/node_modules/request/request.js:888:14)
72 error     at Request.EventEmitter.emit (events.js:117:20)
72 error     at IncomingMessage.<anonymous> (/usr/local/lib/node_modules/npm/node_modules/npm-registry-client/node_modules/request/request.js:839:12)
72 error     at IncomingMessage.EventEmitter.emit (events.js:117:20)
72 error     at _stream_readable.js:920:16
72 error     at process._tickCallback (node.js:415:13)
73 error If you need help, you may report this *entire* log,
73 error including the npm and node versions, at:
73 error     <http://github.com/isaacs/npm/issues>
74 error System Darwin 13.1.0
75 error command "node" "/usr/local/bin/npm" "publish"
76 error cwd /Users/philippe/git/mooncalc
77 error node -v v0.10.25
78 error npm -v 1.3.25
79 verbose exit [ 1, true ]
